app/seeds.txt
androidx.constraintlayout.widget.R$styleable: int Toolbar_contentInsetRight
androidx.appcompat.R$styleable: int ActionBar_titleTextStyle
com.google.android.material.R$styleable: int AppCompatTheme_actionDropDownStyle
com.google.android.material.R$attr: int fontProviderFetchStrategy
com.google.android.material.R$style: int Widget_AppCompat_ActionBar
androidx.appcompat.R$drawable: int abc_list_pressed_holo_dark
androidx.constraintlayout.widget.R$id: int action_bar_subtitle
androidx.appcompat.resources.R$drawable: int notification_action_background
kotlinx.coroutines.scheduling.CoroutineScheduler$WorkerState: kotlinx.coroutines.scheduling.CoroutineScheduler$WorkerState valueOf(java.lang.String)
com.google.android.material.R$style: int Animation_Design_BottomSheetDialog
com.google.android.material.R$integer: int app_bar_elevation_anim_duration
com.google.android.material.bottomappbar.BottomAppBar: float getFabTranslationY()
androidx.appcompat.widget.ContentFrameLayout: android.util.TypedValue getFixedHeightMajor()
androidx.appcompat.R$dimen: int abc_list_item_height_small_material
androidx.appcompat.R$string: int abc_capital_on
com.google.android.material.button.MaterialButton: void setIconTintResource(int)
androidx.transition.R$id: int scrollIndicatorUp
androidx.constraintlayout.widget.R$styleable: int[] MockView
androidx.constraintlayout.widget.R$id: int accessibility_custom_action_11
com.google.gson.LongSerializationPolicy: com.google.gson.LongSerializationPolicy valueOf(java.lang.String)
com.example.weatherforecast.R$id: int actions
androidx.navigation.fragment.R$styleable: int FontFamilyFont_android_ttcIndex
androidx.appcompat.R$styleable: int AppCompatTheme_colorSwitchThumbNormal
androidx.appcompat.R$attr: int windowFixedHeightMinor
com.google.android.material.R$attr: int tintMode
androidx.recyclerview.widget.RecyclerView: void setChildDrawingOrderCallback(androidx.recyclerview.widget.RecyclerView$ChildDrawingOrderCallback)
androidx.appcompat.R$attr: int checkedTextViewStyle
com.google.android.material.button.MaterialButton: android.graphics.PorterDuff$Mode getIconTintMode()
androidx.constraintlayout.widget.R$styleable: int AppCompatTheme_buttonBarStyle
com.google.android.material.R$styleable: int RecyclerView_fastScrollHorizontalTrackDrawable
com.google.gson.stream.JsonToken: com.google.gson.stream.JsonToken[] values()
com.google.android.material.R$styleable: int MaterialComponentsTheme_colorSecondary
com.google.android.material.R$styleable: int LinearLayoutCompat_android_weightSum
androidx.appcompat.view.menu.ActionMenuItemView: void setIcon(android.graphics.drawable.Drawable)
com.example.weatherforecast.data.remote.base.APIService
com.google.android.material.R$styleable: int SwitchCompat_track
com.google.android.material.R$styleable: int AppCompatTheme_listPreferredItemHeight
com.google.android.material.R$styleable: int TextInputLayout_errorTextAppearance
com.google.android.material.R$styleable: int[] Toolbar
androidx.constraintlayout.widget.R$styleable: int Constraint_layout_goneMarginRight
com.google.android.material.R$dimen: int notification_large_icon_width
com.google.android.material.R$style: int Theme_AppCompat_DayNight_Dialog_MinWidth
okhttp3.TlsVersion: okhttp3.TlsVersion valueOf(java.lang.String)
androidx.constraintlayout.widget.R$styleable: int AppCompatTheme_spinnerStyle
androidx.appcompat.R$attr: int switchTextAppearance
com.google.android.material.R$animator: int mtrl_fab_transformation_sheet_expand_spec
androidx.transition.R$id: int tag_accessibility_actions
com.google.android.material.R$styleable: int AppCompatImageView_tint
androidx.appcompat.widget.AppCompatSpinner: android.graphics.drawable.Drawable getPopupBackground()
com.google.android.material.R$id: int action_image
androidx.constraintlayout.widget.R$id: int action_mode_bar_stub
androidx.core.R$id: int notification_background
com.google.android.material.R$styleable: int NavigationView_android_fitsSystemWindows