app/unused.txt
kotlin.jvm.internal.CallableReference$NoReceiver
com.google.android.material.circularreveal.CircularRevealWidget$RevealInfo:
    public void <init>(com.google.android.material.circularreveal.CircularRevealWidget$RevealInfo)
    public void set(com.google.android.material.circularreveal.CircularRevealWidget$RevealInfo)
    public boolean isInvalid()
    public static final float INVALID_RADIUS
androidx.constraintlayout.motion.widget.MotionLayout$1
androidx.core.transition.TransitionKt$addListener$1
com.bumptech.glide.load.model.DataUrlLoader$StreamFactory:
    public void teardown()
com.bumptech.glide.request.RequestFutureTarget
kotlin.DeepRecursiveScopeImpl$crossFunctionCompletion$$inlined$Continuation$1
kotlinx.coroutines.ThreadState
kotlinx.coroutines.ExperimentalCoroutinesApi
kotlinx.coroutines.flow.FlowKt__ZipKt$combine$$inlined$unsafeFlow$2
kotlin.NumbersKt
kotlinx.coroutines.channels.ChannelsKt__Channels_commonKt$filterIndexed$1
com.example.weatherforecast.ui.profile.ProfileFragment:
    public android.view.View _$_findCachedViewById(int)
kotlinx.coroutines.flow.FlowKt__CountKt$count$$inlined$collect$2
kotlin.annotation.AnnotationTarget
kotlinx.coroutines.sync.SemaphoreKt$withPermit$1
androidx.appcompat.widget.ActivityChooserModel$ActivityResolveInfo
org.apache.commons.lang3.Conversion
com.bumptech.glide.util.ContentLengthInputStream:
    public static java.io.InputStream obtain(java.io.InputStream,java.lang.String)
    private static int parseContentLength(java.lang.String)
    private static final java.lang.String TAG
    private static final int UNKNOWN
androidx.swiperefreshlayout.widget.SwipeRefreshLayout$OnRefreshListener
androidx.constraintlayout.motion.widget.TouchResponse$1
androidx.constraintlayout.solver.ArrayRow:
    public androidx.constraintlayout.solver.ArrayRow createRowGreaterThan(androidx.constraintlayout.solver.SolverVariable,int,androidx.constraintlayout.solver.SolverVariable)
    public androidx.constraintlayout.solver.ArrayRow createRowEqualDimension(float,float,float,androidx.constraintlayout.solver.SolverVariable,int,androidx.constraintlayout.solver.SolverVariable,int,androidx.constraintlayout.solver.SolverVariable,int,androidx.constraintlayout.solver.SolverVariable,int)
    int sizeInBytes()
    private static final boolean DEBUG
    private static final boolean FULL_NEW_CHECK
kotlinx.coroutines.internal.MainDispatcherFactory$DefaultImpls
okhttp3.internal.cache.DiskLruCache$Snapshot
androidx.swiperefreshlayout.R$integer
androidx.annotation.Px
androidx.vectordrawable.R$color
org.intellij.lang.annotations.JdkConstants$PatternFlags
androidx.core.provider.FontsContractCompat$4$8
androidx.navigation.common.ktx.R$integer
kotlin.collections.EmptyMap:
    private final java.lang.Object readResolve()
    public java.lang.Void put(java.lang.Object,java.lang.Void)
    private static final long serialVersionUID
kotlin.sequences.SequencesKt___SequencesKt$minus$4$iterator$1
kotlinx.coroutines.selects.SelectUnbiasedKt
kotlinx.coroutines.debug.internal.HashedWeakRef
androidx.core.app.NotificationManagerCompat$Task
androidx.core.os.ConfigurationCompat
kotlinx.coroutines.flow.FlowKt__MigrationKt$delayFlow$1
kotlin.text.StringsKt___StringsKt$asSequence$$inlined$Sequence$1
kotlinx.coroutines.internal.LocalAtomicsKt
com.google.android.material.textfield.TextInputEditText
kotlinx.coroutines.flow.FlowKt__LimitKt$dropWhile$$inlined$unsafeFlow$1
androidx.asynclayoutinflater.R
androidx.core.app.NotificationManagerCompat$ServiceConnectedEvent
kotlin.SinceKotlin
kotlinx.coroutines.ResumeUndispatchedRunnable
kotlinx.coroutines.flow.FlowKt__ShareKt$launchSharingDeferred$1
androidx.core.app.JobIntentService$WorkEnqueuer